j:\profesional\trabajo\clases\universidadsanjorge\asignaturas\gameengines\18-19\game\gametemplate\projects\gameengine\release\gameengine.pdb
j:\profesional\trabajo\clases\universidadsanjorge\asignaturas\gameengines\18-19\game\gametemplate\projects\gameengine\release\texture.obj
j:\profesional\trabajo\clases\universidadsanjorge\asignaturas\gameengines\18-19\game\gametemplate\projects\gameengine\release\rendermanager.obj
j:\profesional\trabajo\clases\universidadsanjorge\asignaturas\gameengines\18-19\game\gametemplate\projects\gameengine\release\inputmanager.obj
d:\programming\gametemplate\projects\gameengine\release\gameengine.pdb
d:\programming\gametemplate\projects\gameengine\release\texture.obj
d:\programming\gametemplate\projects\gameengine\release\rendermanager.obj
d:\programming\gametemplate\projects\gameengine\release\inputmanager.obj
c:\users\auber\documents\github\game-engine\gametemplate\projects\gameengine\release\gameengine.pdb
c:\users\auber\documents\github\game-engine\gametemplate\projects\gameengine\release\timemanager.obj
c:\users\auber\documents\github\game-engine\gametemplate\projects\gameengine\release\objectmanager.obj
c:\users\auber\documents\github\game-engine\gametemplate\projects\gameengine\release\mainmanager.obj
c:\users\auber\documents\github\game-engine\gametemplate\projects\gameengine\release\baseobject.obj
c:\users\auber\documents\github\game-engine\gametemplate\projects\gameengine\release\texture.obj
c:\users\auber\documents\github\game-engine\gametemplate\projects\gameengine\release\rendermanager.obj
c:\users\auber\documents\github\game-engine\gametemplate\projects\gameengine\release\inputmanager.obj
j:\profesional\trabajo\clases\universidadsanjorge\asignaturas\gameengines\18-19\game\gametemplate\projects\release\gameengine.lib
d:\programming\gametemplate\projects\release\gameengine.lib
c:\users\auber\documents\github\game-engine\gametemplate\projects\release\gameengine.lib
c:\users\auber\documents\github\game-engine\gametemplate\projects\gameengine\release\gameengine.tlog\cl.command.1.tlog
c:\users\auber\documents\github\game-engine\gametemplate\projects\gameengine\release\gameengine.tlog\cl.read.1.tlog
c:\users\auber\documents\github\game-engine\gametemplate\projects\gameengine\release\gameengine.tlog\cl.write.1.tlog
c:\users\auber\documents\github\game-engine\gametemplate\projects\gameengine\release\gameengine.tlog\lib-link.read.1.tlog
c:\users\auber\documents\github\game-engine\gametemplate\projects\gameengine\release\gameengine.tlog\lib-link.write.1.tlog
c:\users\auber\documents\github\game-engine\gametemplate\projects\gameengine\release\gameengine.tlog\lib.command.1.tlog
